<?xml version="1.0" encoding="UTF-8"?>
<!-- Generated by org.testng.reporters.JUnitReportReporter -->
<testsuite hostname="Gopi-PC" failures="0" tests="1" name="Tests.TC004_CheckOut" time="9.707" errors="0" timestamp="2024-10-01T10:48:32 IST" skipped="0">
  <testcase classname="Tests.TC004_CheckOut" name="placeOrder" time="9.707"/>
</testsuite> <!-- Tests.TC004_CheckOut -->
