<?xml version="1.0" encoding="UTF-8"?>
<!-- Generated by org.testng.reporters.JUnitReportReporter -->
<testsuite hostname="DESKTOP-RDQ0NIE" failures="0" tests="1" name="Tests.TC005_ConfirmationPage" time="7.974" errors="0" timestamp="2024-10-01T18:17:39 IST" skipped="0">
  <testcase classname="Tests.TC005_ConfirmationPage" name="placeOrder" time="7.974"/>
  <system-out/>
</testsuite> <!-- Tests.TC005_ConfirmationPage -->
