<?xml version="1.0" encoding="UTF-8"?>
<!-- Generated by org.testng.reporters.JUnitReportReporter -->
<testsuite hostname="DESKTOP-RDQ0NIE" failures="0" tests="1" name="Tests.TC002_AddProductToCart" time="1.392" errors="0" timestamp="2024-10-01T18:17:39 IST" skipped="0">
  <testcase classname="Tests.TC002_AddProductToCart" name="addProduct" time="1.392"/>
  <system-out/>
</testsuite> <!-- Tests.TC002_AddProductToCart -->
