<?xml version="1.0" encoding="UTF-8"?>
<!-- Generated by org.testng.reporters.JUnitReportReporter -->
<testsuite hostname="Gopi-PC" failures="0" tests="1" name="Tests.TC002_AddProductToCart" time="2.672" errors="0" timestamp="2024-10-01T10:48:32 IST" skipped="0">
  <testcase classname="Tests.TC002_AddProductToCart" name="addProduct" time="2.672"/>
</testsuite> <!-- Tests.TC002_AddProductToCart -->
