<?xml version="1.0" encoding="UTF-8"?>
<!-- Generated by org.testng.reporters.JUnitReportReporter -->
<testsuite hostname="DESKTOP-RDQ0NIE" failures="0" tests="1" name="Tests.TC004_CheckOut" time="8.218" errors="0" timestamp="2024-10-01T18:17:39 IST" skipped="0">
  <testcase classname="Tests.TC004_CheckOut" name="placeOrder" time="8.218"/>
  <system-out/>
</testsuite> <!-- Tests.TC004_CheckOut -->
