<?xml version="1.0" encoding="UTF-8"?>
<!-- Generated by org.testng.reporters.JUnitReportReporter -->
<testsuite hostname="GOPI" failures="0" tests="1" name="Tests.TC003_MyCart" time="3.374" errors="0" timestamp="2024-11-05T16:26:43 IST" skipped="0">
  <testcase classname="Tests.TC003_MyCart" name="verifyCart" time="3.374"/>
  <system-out/>
</testsuite> <!-- Tests.TC003_MyCart -->
