<?xml version="1.0" encoding="UTF-8"?>
<!-- Generated by org.testng.reporters.JUnitReportReporter -->
<testsuite hostname="Gopi-PC" failures="0" tests="1" name="Tests.TC001_LoginPage" time="3.573" errors="0" timestamp="2024-09-07T17:24:36 IST" skipped="0">
  <testcase classname="Tests.TC001_LoginPage" name="loginApp" time="3.573"/>
</testsuite> <!-- Tests.TC001_LoginPage -->
