<?xml version="1.0" encoding="UTF-8"?>
<!-- Generated by org.testng.reporters.JUnitReportReporter -->
<testsuite hostname="GOPI" failures="0" tests="1" name="Tests.TC006_OrdersPageTest" time="12.002" errors="0" timestamp="2024-11-21T15:01:19 IST" skipped="0">
  <testcase classname="Tests.TC006_OrdersPageTest" name="placeOrder" time="12.002"/>
  <system-out/>
</testsuite> <!-- Tests.TC006_OrdersPageTest -->
