<?xml version="1.0" encoding="UTF-8"?>
<!-- Generated by org.testng.reporters.JUnitReportReporter -->
<testsuite hostname="Gopi-PC" failures="0" tests="1" name="Tests.TC003_MyCart" time="6.693" errors="0" timestamp="2024-09-07T17:24:36 IST" skipped="0">
  <testcase classname="Tests.TC003_MyCart" name="verifyCart" time="6.693"/>
</testsuite> <!-- Tests.TC003_MyCart -->
