<?xml version="1.0" encoding="UTF-8"?>
<!-- Generated by org.testng.reporters.JUnitReportReporter -->
<testsuite hostname="DESKTOP-RDQ0NIE" failures="0" tests="1" name="Tests.TC003_MyCart" time="3.532" errors="0" timestamp="2024-10-02T17:12:38 IST" skipped="0">
  <testcase classname="Tests.TC003_MyCart" name="verifyCart" time="3.532"/>
  <system-out/>
</testsuite> <!-- Tests.TC003_MyCart -->
