<?xml version="1.0" encoding="UTF-8"?>
<!-- Generated by org.testng.reporters.JUnitReportReporter -->
<testsuite hostname="Gopi-PC" failures="0" tests="1" name="Tests.TC002_AddProductToCart" time="2.499" errors="0" timestamp="2024-09-07T17:24:36 IST" skipped="0">
  <testcase classname="Tests.TC002_AddProductToCart" name="addProduct" time="2.499"/>
</testsuite> <!-- Tests.TC002_AddProductToCart -->
