<?xml version="1.0" encoding="UTF-8"?>
<!-- Generated by org.testng.reporters.JUnitReportReporter -->
<testsuite hostname="DESKTOP-RDQ0NIE" failures="0" tests="1" name="Tests.TC003_MyCart" time="3.161" errors="0" timestamp="2024-10-01T11:25:28 IST" skipped="0">
  <testcase classname="Tests.TC003_MyCart" name="verifyCart" time="3.161"/>
  <system-out/>
</testsuite> <!-- Tests.TC003_MyCart -->
