<?xml version="1.0" encoding="UTF-8"?>
<!-- Generated by org.testng.reporters.JUnitReportReporter -->
<testsuite hostname="DESKTOP-RDQ0NIE" failures="0" tests="1" name="Tests.TC004_CheckOut" time="7.339" errors="0" timestamp="2024-10-01T11:25:28 IST" skipped="0">
  <testcase classname="Tests.TC004_CheckOut" name="placeOrder" time="7.339"/>
  <system-out/>
</testsuite> <!-- Tests.TC004_CheckOut -->
