<?xml version="1.0" encoding="UTF-8"?>
<!-- Generated by org.testng.reporters.JUnitReportReporter -->
<testsuite hostname="Gopi-PC" failures="0" tests="1" name="Tests.TC003_MyCart" time="4.041" errors="0" timestamp="2024-10-01T10:48:32 IST" skipped="0">
  <testcase classname="Tests.TC003_MyCart" name="verifyCart" time="4.041"/>
</testsuite> <!-- Tests.TC003_MyCart -->
