<?xml version="1.0" encoding="UTF-8"?>
<!-- Generated by org.testng.reporters.JUnitReportReporter -->
<testsuite hostname="GOPI" failures="0" tests="1" name="Tests.TC001_LoginPage" time="0.817" errors="0" timestamp="2024-11-05T16:26:43 IST" skipped="0">
  <testcase classname="Tests.TC001_LoginPage" name="loginApp" time="0.817"/>
  <system-out/>
</testsuite> <!-- Tests.TC001_LoginPage -->
